<?xml version="1.0" encoding="UTF-8"?>
<!-- Generated by org.testng.reporters.JUnitReportReporter -->
<testsuite hostname="LAPTOP-DNV4PNFG" failures="0" tests="10" name="com.syscort.test.TestPayment" time="317.403" errors="0" timestamp="12 May 2021 17:09:19 GMT" skipped="0">
  <testcase classname="com.syscort.test.TestPayment" name="paymentTest" time="33.781"/>
  <testcase classname="com.syscort.test.TestPayment" name="paymentTest" time="30.372"/>
  <testcase classname="com.syscort.test.TestPayment" name="paymentTest" time="33.078"/>
  <testcase classname="com.syscort.test.TestPayment" name="paymentTest" time="31.699"/>
  <testcase classname="com.syscort.test.TestPayment" name="paymentTest" time="32.500"/>
  <testcase classname="com.syscort.test.TestPayment" name="paymentTest" time="31.211"/>
  <testcase classname="com.syscort.test.TestPayment" name="paymentTest" time="33.104"/>
  <testcase classname="com.syscort.test.TestPayment" name="paymentTest" time="31.552"/>
  <testcase classname="com.syscort.test.TestPayment" name="paymentTest" time="30.050"/>
  <testcase classname="com.syscort.test.TestPayment" name="paymentTest" time="30.056"/>
</testsuite> <!-- com.syscort.test.TestPayment -->
