<?xml version="1.0" encoding="UTF-8"?>
<!-- Generated by org.testng.reporters.JUnitReportReporter -->
<testsuite hostname="LAPTOP-DNV4PNFG" failures="0" tests="1" name="demo.test.DemoTest" time="9.813" errors="0" timestamp="11 May 2021 05:35:46 GMT" skipped="0">
  <testcase classname="demo.test.DemoTest" name="paymentTest" time="9.813"/>
</testsuite> <!-- demo.test.DemoTest -->
